{"level":"verbose","message":"logging from your adHocHandler into detail level","timestamp":"2015-06-06T05:58:34.454Z"}
{"level":"verbose","message":"logging from your adHocHandler into detail level","timestamp":"2015-06-06T05:58:36.512Z"}
{"level":"verbose","message":"logging from your adHocHandler into detail level","timestamp":"2015-06-06T05:58:42.537Z"}
{"level":"verbose","message":"logging from your adHocHandler into detail level","timestamp":"2015-06-06T05:58:56.790Z"}
{"level":"verbose","message":"Logged In","timestamp":"2015-06-06T06:00:40.095Z"}
{"level":"verbose","message":"Logged In","timestamp":"2015-06-06T06:02:40.505Z"}
{"level":"error","message":"Error","timestamp":"2015-06-06T06:02:40.506Z"}
{"level":"warn","message":"Warn","timestamp":"2015-06-06T06:02:40.506Z"}
{"level":"info","message":"Info","timestamp":"2015-06-06T06:02:40.506Z"}
{"level":"verbose","message":"Logged In","timestamp":"2015-06-06T06:03:13.934Z"}
{"level":"error","message":"Error","timestamp":"2015-06-06T06:03:13.935Z"}
{"level":"warn","message":"Warn","timestamp":"2015-06-06T06:03:13.936Z"}
{"level":"info","message":"Info","timestamp":"2015-06-06T06:03:13.936Z"}
{"level":"verbose","message":"Logged In","timestamp":"2015-06-06T06:03:17.663Z"}
{"level":"error","message":"Error","timestamp":"2015-06-06T06:03:17.665Z"}
{"level":"warn","message":"Warn","timestamp":"2015-06-06T06:03:17.665Z"}
{"level":"info","message":"Info","timestamp":"2015-06-06T06:03:17.665Z"}
{"level":"info","message":"Logged In","timestamp":"2015-06-06T06:04:24.542Z"}
{"level":"info","message":"Logged In","timestamp":"2015-06-06T06:04:41.794Z"}
{"level":"info","message":"Logged In","timestamp":"2015-06-06T06:05:07.105Z"}
{"level":"info","message":"Logged In","timestamp":"2015-06-06T06:05:28.404Z"}
{"level":"info","message":"Logged In","timestamp":"2015-06-06T06:05:44.599Z"}
{"level":"info","message":"Logged In","timestamp":"2015-06-06T06:06:24.104Z"}
{"level":"info","message":"Logged In","timestamp":"2015-06-06T06:06:28.216Z"}
