{"level":"info","message":"Logged In","timestamp":"2015-06-06T07:03:52.904Z"}
{"clientIPaddress":"::1","JobID":{"_bsontype":"ObjectID","id":"UrsX\u0018s,\u0003Ö"},"JobName":"TopStocks","sqlQuery":"SELECT stock_symbol as SYM, stock_price_high as HIGH, stock_price_low as LOW from nyse_stocks limit 20;","level":"info","message":"Submit New AdHoc Job","timestamp":"2015-06-06T07:04:19.372Z"}
{"level":"info","message":"Logged In","timestamp":"2015-06-06T07:08:53.508Z"}
{"level":"info","message":"Logged In","timestamp":"2015-06-06T07:10:00.315Z"}
{"clientIPaddress":"::1","JobID":"55729cdd507943022e40a9a9","JobName":"jj","sqlQuery":"SHOW TABLES;","level":"info","message":"Submit New AdHoc Job","timestamp":"2015-06-06T07:10:21.172Z"}
{"@message":"Logged In","@timestamp":"2015-06-06T07:20:26.865Z","@fields":{"level":"info"}}
{"@message":"Submit New AdHoc Job","@timestamp":"2015-06-06T07:21:07.368Z","@fields":{"clientIPaddress":"::1","JobID":"55729f63480e5a7d301645bb","JobName":"lll","sqlQuery":"SHOW TABLES;","level":"info"}}
{"@message":"Logged In","@timestamp":"2015-06-06T07:23:23.958Z","@fields":{"level":"info"}}
{"level":"info","message":"Logged In","timestamp":"2015-06-06T07:23:42.180Z"}
{"level":"info","message":"Logged In","timestamp":"2015-06-06T07:24:25.403Z"}
{"clientIPaddress":"::1","JobID":"5572a04ad922388331dc9fc6","JobName":"NonJSON","sqlQuery":"SHOW TABLES;","level":"info","message":"Submit New AdHoc Job","timestamp":"2015-06-06T07:24:58.267Z"}
{"level":"info","message":"Logged In","timestamp":"2015-06-06T07:32:12.104Z"}
{"level":"info","message":"Logged In","timestamp":"2015-06-06T07:32:16.183Z"}
{"level":"info","message":"Logged In","timestamp":"2015-06-06T07:32:21.276Z"}
2015-06-06T07:33:01.801Z - [36minfo[39m: Logged In
2015-06-06T07:33:23.058Z - [36minfo[39m: Logged In
2015-06-06T07:33:26.133Z - [36minfo[39m: Logged In
2015-06-06T07:37:28.069Z - [36minfo[39m: Logged In
2015-06-06T07:37:33.126Z - info: Logged In
2015-06-06T07:38:06.533Z - info: Logged In
2015-06-06T07:38:52.130Z - info: Logged In
2015-06-06T07:38:54.182Z - info: Logged In
2015-06-06T07:46:24.654Z - info: Logged In
2015-06-06T07:46:40.877Z - info: Logged In
2015-06-06T07:47:04.209Z - info: Logged In
2015-06-06T07:47:22.783Z - info: JobID - 5572a58a2a7e462637d898a4	Submit New AdHoc Job	 %j clientIPaddress=::1, JobName=JJT, sqlQuery=SHOW TABLES;
2015-06-06T07:49:24.916Z - info: Logged In
2015-06-06T07:49:42.178Z - info: JobID - 5572a616071895cc372a420f	Submit New AdHoc Job	 %j clientIPaddress=::1, JobName=jjj, sqlQuery=SHOW TABLES;
2015-06-06T07:53:09.670Z - info: Logged In
2015-06-06T07:53:45.122Z - info: Logged In
2015-06-06T07:53:45.128Z - debug: hie
2015-06-06T07:54:03.387Z - info: Logged In
2015-06-06T07:54:03.393Z - debug: hie %j a=abe
2015-06-06T07:54:40.870Z - info: Logged In
2015-06-06T07:54:40.874Z - debug: hie %j a=123
2015-06-06T07:54:48.013Z - info: Logged In
2015-06-06T07:54:48.019Z - debug: hie %j a=123
{"level":"info","message":"Logged In","timestamp":"2015-06-06T07:55:12.358Z"}
{"a":123,"level":"debug","message":"hie %j","timestamp":"2015-06-06T07:55:12.364Z"}
{"level":"info","message":"Logged In","timestamp":"2015-06-06T07:55:19.480Z"}
{"a":123,"level":"debug","message":"hie %j","timestamp":"2015-06-06T07:55:19.487Z"}
{"level":"info","message":"Logged In","timestamp":"2015-06-06T07:59:27.959Z"}
{"level":"debug","message":"hie \"{\\\"a\\\":123}\"","timestamp":"2015-06-06T07:59:27.964Z"}
{"level":"info","message":"Logged In","timestamp":"2015-06-06T07:59:49.248Z"}
{"level":"debug","message":"hie {\"a\":123}","timestamp":"2015-06-06T07:59:49.254Z"}
{"level":"info","message":"Logged In","timestamp":"2015-06-06T07:59:52.342Z"}
{"level":"debug","message":"hie{\"a\":123}","timestamp":"2015-06-06T07:59:52.347Z"}
{"level":"info","message":"Logged In","timestamp":"2015-06-06T08:00:41.968Z"}
{"level":"debug","message":"hie {\"a\":123}","timestamp":"2015-06-06T08:00:41.973Z"}
{"level":"info","message":"Logged In","timestamp":"2015-06-06T08:00:59.251Z"}
{"level":"info","message":"Logged In","timestamp":"2015-06-06T08:01:13.443Z"}
{"level":"info","message":"Logged In","timestamp":"2015-06-06T08:01:21.551Z"}
{"level":"info","message":"Logged In","timestamp":"2015-06-06T08:01:57.021Z"}
{"level":"info","message":"Logged In","timestamp":"2015-06-06T08:02:05.132Z"}
{"level":"info","message":"Logged In","timestamp":"2015-06-06T08:04:58.353Z"}
{"level":"info","message":"Logged In","timestamp":"2015-06-06T08:14:17.386Z"}
{"level":"info","message":"JobID - 5572abe7ae8fcd263ea4b246  Submit New AdHoc Job: {\"clientIPaddress\":\"::1\",\"JobName\":\"jlj\",\"sqlQuery\":\"SHOW TABLES;\"}","timestamp":"2015-06-06T08:14:31.390Z"}
2015-06-06T08:16:46.261Z - info: Logged In
2015-06-06T08:17:01.263Z - info: JobID - 5572ac7d6cdf3ac53e47fb57  Submit New AdHoc Job: {"clientIPaddress":"::1","JobName":"asdfasdf","sqlQuery":"SHOW TABLES;"}
2015-06-06T08:23:02.912Z - info: Logged In
2015-06-06T08:24:17.875Z - info: Logged In
2015-06-06T08:24:44.182Z - info: Logged In
2015-06-06T08:24:52.296Z - info: Logged In
2015-06-06T08:29:11.311Z - info: Logged In
2015-06-06T08:29:20.303Z - info: Logged In
2015-06-06T08:45:19.064Z - info: Logged In
2015-06-06T08:45:23.112Z - info: Logged In
2015-06-06T08:47:00.402Z - info: Logged In
2015-06-06T08:47:17.646Z - info: Logged In
2015-06-06T08:47:38.959Z - info: Logged In
2015-06-06T08:47:57.186Z - info: Logged In
2015-06-06T08:50:06.881Z - info: Logged In
2015-06-06T08:52:14.459Z - info: Logged In
2015-06-06T08:54:03.834Z - info: Logged In
2015-06-06T08:54:42.272Z - info: Logged In
2015-06-06T08:54:50.418Z - info: Logged In
2015-06-06T08:55:32.954Z - info: Logged In
2015-06-06T08:56:52.959Z - info: Logged In
2015-06-06T08:57:31.457Z - info: Logged In
2015-06-06T08:57:55.801Z - info: Logged In
2015-06-06T09:00:12.226Z - info: Logged In
2015-06-06T09:00:41.675Z - info: Logged In
2015-06-06T09:01:55.072Z - info: JobID - 5572b70302a0875f49d9f428  Submit New AdHoc Job: {"clientIPaddress":"::1","JobName":"JJJ","sqlQuery":"SHOW TABLES;"}
2015-06-06T09:01:56.843Z - debug: JobID - 5572b70302a0875f49d9f428  Job Status: JOB_SUCCESSFUL
2015-06-06T09:01:57.839Z - debug: JobID - 5572b70302a0875f49d9f428  Job Status: JOB_SUCCESSFUL
2015-06-06T09:02:01.390Z - debug: JobID - 5572b70302a0875f49d9f428 Retrieved Job Log File: {"jobLogFile":"data/5572b70302a0875f49d9f428/log.txt"}
2015-06-06T09:02:27.007Z - info: JobID - 5572b72302a0875f49d9f429  Submit New AdHoc Job: {"clientIPaddress":"::1","JobName":"asdfasdf","sqlQuery":"asdf;"}
2015-06-06T09:02:28.650Z - debug: JobID - 5572b72302a0875f49d9f429  Job Status: JOB_FAILED
2015-06-06T09:02:29.648Z - debug: JobID - 5572b72302a0875f49d9f429  Job Status: JOB_FAILED
2015-06-06T09:02:30.908Z - debug: JobID - 5572b72302a0875f49d9f429 Retrieved Job Log File: {"jobLogFile":"data/5572b72302a0875f49d9f429/log.txt"}
2015-06-06T09:05:49.573Z - info: Logged In
2015-06-06T09:08:29.619Z - info: Logged In
2015-06-06T09:10:48.344Z - info: Logged In
2015-06-06T09:10:56.487Z - info: Logged In
2015-06-06T09:11:53.216Z - info: Logged In
2015-06-06T09:13:02.134Z - info: Logged In
2015-06-06T09:14:19.096Z - info: Logged In
2015-06-06T09:14:29.243Z - info: Logged In
2015-06-06T09:14:53.555Z - info: Logged In
2015-06-06T09:16:50.084Z - info: Logged In
2015-06-06T09:17:09.325Z - info: Logged In
2015-06-06T09:17:27.942Z - info: JobID - 5572baa7d91ae28b4df8087c  Submit New AdHoc Job: {"clientIPaddress":"::1","JobName":"SDFSF","sqlQuery":"SELECT stock_symbol as SYM, stock_price_high as HIGH, stock_price_low as LOW from nyse_stocks limit 20;"}
2015-06-06T09:17:29.901Z - debug: JobID - 5572baa7d91ae28b4df8087c Checked Job Status: JOB_SUCCESSFUL
2015-06-06T09:17:30.899Z - debug: JobID - 5572baa7d91ae28b4df8087c Checked Job Status: JOB_SUCCESSFUL
2015-06-06T09:18:19.808Z - debug: JobID - 5572baa7d91ae28b4df8087c User retrieved Job Log File: {"jobLogFile":"data/5572baa7d91ae28b4df8087c/log.txt"}
2015-06-06T09:21:10.411Z - info: Logged In
2015-06-06T09:21:18.499Z - info: Logged In
2015-06-06T09:21:32.712Z - info: Logged In
2015-06-06T09:21:40.836Z - info: Logged In
2015-06-06T09:21:54.142Z - info: JobID - 5572bbb2a20533a34efbd0c4  Submit New AdHoc Job: {"clientIPaddress":"::1","JobName":"JJ","sqlQuery":"SELECT stock_symbol as SYM, stock_price_high as HIGH, stock_price_low as LOW from nyse_stocks limit 20;"}
2015-06-06T09:21:55.977Z - debug: JobID - 5572bbb2a20533a34efbd0c4 Checked Job Status: JOB_SUCCESSFUL
2015-06-06T09:21:56.974Z - debug: JobID - 5572bbb2a20533a34efbd0c4 Checked Job Status: JOB_SUCCESSFUL
2015-06-06T09:22:14.135Z - debug: JobID - 5572bbb2a20533a34efbd0c4 User retrieved Job Log File: {"jobLogFile":"data/5572bbb2a20533a34efbd0c4/log.txt"}
2015-06-06T09:22:19.512Z - debug: JobID - 5572bbb2a20533a34efbd0c4 User retrieved Job Result File: {"clientIPaddress":"::1","fileName":"result.txt","options":{"root":"/Users/gmalu/Documents/Project/SelfServiceHiveDashboard/app/controllers../../../data/5572bbb2a20533a34efbd0c4","dotfiles":"deny","headers":{"x-timestamp":1433582539509,"x-sent":true}}}
2015-06-06T09:23:32.253Z - info: Logged In
2015-06-06T09:23:47.671Z - info: JobID - 5572bc23ea26ce164fe51675  Submit New AdHoc Job: {"clientIPaddress":"::1","JobName":"asdf","sqlQuery":"SELECT stock_symbol as SYM, stock_price_high as HIGH, stock_price_low as LOW from nyse_stocks limit 20;"}
2015-06-06T09:23:49.602Z - debug: JobID - 5572bc23ea26ce164fe51675 Checked Job Status: JOB_SUCCESSFUL
2015-06-06T09:23:50.601Z - debug: JobID - 5572bc23ea26ce164fe51675 Checked Job Status: JOB_SUCCESSFUL
2015-06-06T09:23:51.898Z - error: JobID - 5572bc23ea26ce164fe51675  Error fetching Job Result {"clientIPaddress":"::1","error":{"errno":-2,"code":"ENOENT","path":"/Users/gmalu/Documents/Project/data/5572bc23ea26ce164fe51675/result.txt","status":404},"fileName":"result.txt","options":{"root":"/Users/gmalu/Documents/Project/SelfServiceHiveDashboard/app/controllers/../../../data/5572bc23ea26ce164fe51675","dotfiles":"deny","headers":{"x-timestamp":1433582631897,"x-sent":true}}}
2015-06-06T09:25:15.626Z - info: Logged In
2015-06-06T09:27:26.370Z - info: Logged In
